  [1m[35m (272.1ms)[0m  [1m[35mCREATE TABLE "schema_migrations" ("version" varchar NOT NULL PRIMARY KEY)[0m
  [1m[35m (261.7ms)[0m  [1m[35mCREATE TABLE "ar_internal_metadata" ("key" varchar NOT NULL PRIMARY KEY, "value" varchar, "created_at" datetime NOT NULL, "updated_at" datetime NOT NULL)[0m
  [1m[36mActiveRecord::SchemaMigration Load (0.2ms)[0m  [1m[34mSELECT "schema_migrations".* FROM "schema_migrations"[0m
Migrating to CreateUsers (20160712195434)
  [1m[35m (0.1ms)[0m  [1m[36mbegin transaction[0m
  [1m[35m (1.0ms)[0m  [1m[35mCREATE TABLE "users" ("id" INTEGER PRIMARY KEY AUTOINCREMENT NOT NULL, "name" varchar, "email" varchar, "created_at" datetime NOT NULL, "updated_at" datetime NOT NULL)[0m
  [1m[35mSQL (0.2ms)[0m  [1m[32mINSERT INTO "schema_migrations" ("version") VALUES (?)[0m  [["version", "20160712195434"]]
  [1m[35m (289.7ms)[0m  [1m[36mcommit transaction[0m
  [1m[36mActiveRecord::InternalMetadata Load (0.2ms)[0m  [1m[34mSELECT  "ar_internal_metadata".* FROM "ar_internal_metadata" WHERE "ar_internal_metadata"."key" = ? LIMIT ?[0m  [["key", :environment], ["LIMIT", 1]]
  [1m[35m (0.1ms)[0m  [1m[36mbegin transaction[0m
  [1m[35mSQL (0.3ms)[0m  [1m[32mINSERT INTO "ar_internal_metadata" ("key", "value", "created_at", "updated_at") VALUES (?, ?, ?, ?)[0m  [["key", "environment"], ["value", "development"], ["created_at", 2016-07-12 20:02:47 UTC], ["updated_at", 2016-07-12 20:02:47 UTC]]
  [1m[35m (165.5ms)[0m  [1m[36mcommit transaction[0m
  [1m[36mActiveRecord::SchemaMigration Load (0.2ms)[0m  [1m[34mSELECT "schema_migrations".* FROM "schema_migrations"[0m
  [1m[36mActiveRecord::SchemaMigration Load (0.2ms)[0m  [1m[34mSELECT "schema_migrations".* FROM "schema_migrations"[0m
Migrating to CreateAlarms (20160712201525)
  [1m[35m (0.1ms)[0m  [1m[36mbegin transaction[0m
  [1m[35m (1.7ms)[0m  [1m[35mCREATE TABLE "alarms" ("id" INTEGER PRIMARY KEY AUTOINCREMENT NOT NULL, "name" varchar, "user" varchar, "time" integer, "repeats" boolean, "created_at" datetime NOT NULL, "updated_at" datetime NOT NULL)[0m
  [1m[35mSQL (0.2ms)[0m  [1m[32mINSERT INTO "schema_migrations" ("version") VALUES (?)[0m  [["version", "20160712201525"]]
  [1m[35m (266.9ms)[0m  [1m[36mcommit transaction[0m
Migrating to CreateEvents (20160712202016)
  [1m[35m (0.1ms)[0m  [1m[36mbegin transaction[0m
  [1m[35m (0.6ms)[0m  [1m[35mCREATE TABLE "events" ("id" INTEGER PRIMARY KEY AUTOINCREMENT NOT NULL, "name" varchar, "user" varchar, "date" varchar, "time" integer, "repeats" boolean, "created_at" datetime NOT NULL, "updated_at" datetime NOT NULL)[0m
  [1m[35mSQL (0.3ms)[0m  [1m[32mINSERT INTO "schema_migrations" ("version") VALUES (?)[0m  [["version", "20160712202016"]]
  [1m[35m (272.2ms)[0m  [1m[36mcommit transaction[0m
  [1m[36mActiveRecord::InternalMetadata Load (0.3ms)[0m  [1m[34mSELECT  "ar_internal_metadata".* FROM "ar_internal_metadata" WHERE "ar_internal_metadata"."key" = ? LIMIT ?[0m  [["key", :environment], ["LIMIT", 1]]
  [1m[35m (0.1ms)[0m  [1m[36mbegin transaction[0m
  [1m[35m (0.1ms)[0m  [1m[36mcommit transaction[0m
  [1m[36mActiveRecord::SchemaMigration Load (0.2ms)[0m  [1m[34mSELECT "schema_migrations".* FROM "schema_migrations"[0m
Started GET "/" for ::1 at 2016-07-13 12:57:23 -0700
  [1m[36mActiveRecord::SchemaMigration Load (0.2ms)[0m  [1m[34mSELECT "schema_migrations".* FROM "schema_migrations"[0m
Processing by UsersController#index as HTML
  Rendering users/index.html.erb within layouts/application
  [1m[36mUser Load (0.5ms)[0m  [1m[34mSELECT "users".* FROM "users"[0m
  Rendered users/index.html.erb within layouts/application (22.5ms)
Completed 200 OK in 1281ms (Views: 1228.8ms | ActiveRecord: 0.8ms)


Started GET "/users/new" for ::1 at 2016-07-13 12:57:32 -0700
Processing by UsersController#new as HTML
  Rendering users/new.html.erb within layouts/application
  Rendered users/_form.html.erb (126.9ms)
  Rendered users/new.html.erb within layouts/application (142.4ms)
Completed 200 OK in 192ms (Views: 185.3ms | ActiveRecord: 0.8ms)


Started POST "/users" for ::1 at 2016-07-13 12:58:13 -0700
Processing by UsersController#create as HTML
  Parameters: {"utf8"=>"✓", "authenticity_token"=>"a5W6WsYf78HdRnWeBZOmR6u68gYCbvXIoG5hLx8PnlkY6qYwEtFDjq6sutm83Agfc9l7ZTtHwV/pp5eVHaKiDw==", "user"=>{"name"=>"Foo Bar", "email"=>"plzhackme@yahoo.com"}, "commit"=>"Create User"}
  [1m[35m (0.1ms)[0m  [1m[36mbegin transaction[0m
  [1m[35mSQL (7.4ms)[0m  [1m[32mINSERT INTO "users" ("name", "email", "created_at", "updated_at") VALUES (?, ?, ?, ?)[0m  [["name", "Foo Bar"], ["email", "plzhackme@yahoo.com"], ["created_at", 2016-07-13 19:58:13 UTC], ["updated_at", 2016-07-13 19:58:13 UTC]]
  [1m[35m (450.4ms)[0m  [1m[36mcommit transaction[0m
Redirected to http://localhost:3000/users/1
Completed 302 Found in 466ms (ActiveRecord: 458.0ms)


Started GET "/users/1" for ::1 at 2016-07-13 12:58:14 -0700
Processing by UsersController#show as HTML
  Parameters: {"id"=>"1"}
  [1m[36mUser Load (0.6ms)[0m  [1m[34mSELECT  "users".* FROM "users" WHERE "users"."id" = ? LIMIT ?[0m  [["id", 1], ["LIMIT", 1]]
  Rendering users/show.html.erb within layouts/application
  Rendered users/show.html.erb within layouts/application (1.5ms)
Completed 200 OK in 64ms (Views: 41.2ms | ActiveRecord: 0.6ms)


Started GET "/users" for ::1 at 2016-07-13 12:58:20 -0700
Processing by UsersController#index as HTML
  Rendering users/index.html.erb within layouts/application
  [1m[36mUser Load (0.7ms)[0m  [1m[34mSELECT "users".* FROM "users"[0m
  Rendered users/index.html.erb within layouts/application (4.8ms)
Completed 200 OK in 99ms (Views: 95.8ms | ActiveRecord: 0.7ms)


Started GET "/users/new" for ::1 at 2016-07-13 12:58:28 -0700
Processing by UsersController#new as HTML
  Rendering users/new.html.erb within layouts/application
  Rendered users/_form.html.erb (6.9ms)
  Rendered users/new.html.erb within layouts/application (26.0ms)
Completed 200 OK in 57ms (Views: 55.4ms | ActiveRecord: 0.0ms)


Started POST "/users" for ::1 at 2016-07-13 12:59:16 -0700
Processing by UsersController#create as HTML
  Parameters: {"utf8"=>"✓", "authenticity_token"=>"DFCelh9fYiHZZyl+dgodjmlV9QWCHI+0fEwec2a26Ax/L4L8y5HObqqN5jnPRbPWsTZ8Zrs1uyM1hejJZBvUWg==", "user"=>{"name"=>"Emma", "email"=>"emmy1345@hotmail.com"}, "commit"=>"Create User"}
  [1m[35m (0.1ms)[0m  [1m[36mbegin transaction[0m
  [1m[35mSQL (0.3ms)[0m  [1m[32mINSERT INTO "users" ("name", "email", "created_at", "updated_at") VALUES (?, ?, ?, ?)[0m  [["name", "Emma"], ["email", "emmy1345@hotmail.com"], ["created_at", 2016-07-13 19:59:16 UTC], ["updated_at", 2016-07-13 19:59:16 UTC]]
  [1m[35m (534.4ms)[0m  [1m[36mcommit transaction[0m
Redirected to http://localhost:3000/users/2
Completed 302 Found in 541ms (ActiveRecord: 534.8ms)


Started GET "/users/2" for ::1 at 2016-07-13 12:59:16 -0700
Processing by UsersController#show as HTML
  Parameters: {"id"=>"2"}
  [1m[36mUser Load (0.1ms)[0m  [1m[34mSELECT  "users".* FROM "users" WHERE "users"."id" = ? LIMIT ?[0m  [["id", 2], ["LIMIT", 1]]
  Rendering users/show.html.erb within layouts/application
  Rendered users/show.html.erb within layouts/application (0.8ms)
Completed 200 OK in 30ms (Views: 28.5ms | ActiveRecord: 0.1ms)


Started GET "/users" for ::1 at 2016-07-13 12:59:19 -0700
Processing by UsersController#index as HTML
  Rendering users/index.html.erb within layouts/application
  [1m[36mUser Load (0.3ms)[0m  [1m[34mSELECT "users".* FROM "users"[0m
  Rendered users/index.html.erb within layouts/application (3.5ms)
Completed 200 OK in 51ms (Views: 49.1ms | ActiveRecord: 0.3ms)


Started GET "/users" for ::1 at 2016-07-13 12:59:43 -0700
Processing by UsersController#index as HTML
  Rendering users/index.html.erb within layouts/application
  [1m[36mUser Load (0.2ms)[0m  [1m[34mSELECT "users".* FROM "users"[0m
  Rendered users/index.html.erb within layouts/application (2.1ms)
Completed 200 OK in 29ms (Views: 27.2ms | ActiveRecord: 0.2ms)


Started GET "/alarms" for ::1 at 2016-07-13 13:00:16 -0700
Processing by AlarmsController#index as HTML
  Rendering alarms/index.html.erb within layouts/application
  [1m[36mAlarm Load (0.3ms)[0m  [1m[34mSELECT "alarms".* FROM "alarms"[0m
  Rendered alarms/index.html.erb within layouts/application (3.0ms)
Completed 200 OK in 31ms (Views: 27.8ms | ActiveRecord: 0.5ms)


Started GET "/alarms/new" for ::1 at 2016-07-13 13:00:22 -0700
Processing by AlarmsController#new as HTML
  Rendering alarms/new.html.erb within layouts/application
  Rendered alarms/_form.html.erb (130.5ms)
  Rendered alarms/new.html.erb within layouts/application (150.1ms)
Completed 200 OK in 183ms (Views: 172.6ms | ActiveRecord: 0.8ms)


Started POST "/alarms" for ::1 at 2016-07-13 13:02:14 -0700
Processing by AlarmsController#create as HTML
  Parameters: {"utf8"=>"✓", "authenticity_token"=>"HSU7bnBvwPzvntauaTr+mb3FcFWCeZDJAwL9TYWOM+Nqstdj7ur+QOrf0Y1OarUQVZdM+27V7ENfR81mWDJ34Q==", "alarm"=>{"name"=>"School Day", "user"=>"emmy1345@hotmail.com", "time"=>"235555555", "repeats"=>"1"}, "commit"=>"Create Alarm"}
  [1m[35m (0.1ms)[0m  [1m[36mbegin transaction[0m
  [1m[35mSQL (1.0ms)[0m  [1m[32mINSERT INTO "alarms" ("name", "user", "time", "repeats", "created_at", "updated_at") VALUES (?, ?, ?, ?, ?, ?)[0m  [["name", "School Day"], ["user", "emmy1345@hotmail.com"], ["time", 235555555], ["repeats", true], ["created_at", 2016-07-13 20:02:14 UTC], ["updated_at", 2016-07-13 20:02:14 UTC]]
  [1m[35m (542.3ms)[0m  [1m[36mcommit transaction[0m
Redirected to http://localhost:3000/alarms/1
Completed 302 Found in 548ms (ActiveRecord: 543.4ms)


Started GET "/alarms/1" for ::1 at 2016-07-13 13:02:15 -0700
Processing by AlarmsController#show as HTML
  Parameters: {"id"=>"1"}
  [1m[36mAlarm Load (0.2ms)[0m  [1m[34mSELECT  "alarms".* FROM "alarms" WHERE "alarms"."id" = ? LIMIT ?[0m  [["id", 1], ["LIMIT", 1]]
  Rendering alarms/show.html.erb within layouts/application
  Rendered alarms/show.html.erb within layouts/application (1.3ms)
Completed 200 OK in 30ms (Views: 27.8ms | ActiveRecord: 0.2ms)


Started GET "/alarms" for ::1 at 2016-07-13 13:02:19 -0700
Processing by AlarmsController#index as HTML
  Rendering alarms/index.html.erb within layouts/application
  [1m[36mAlarm Load (0.2ms)[0m  [1m[34mSELECT "alarms".* FROM "alarms"[0m
  Rendered alarms/index.html.erb within layouts/application (2.8ms)
Completed 200 OK in 42ms (Views: 40.1ms | ActiveRecord: 0.2ms)


Started GET "/alarms" for ::1 at 2016-07-13 13:22:24 -0700
  [1m[36mActiveRecord::SchemaMigration Load (0.2ms)[0m  [1m[34mSELECT "schema_migrations".* FROM "schema_migrations"[0m
  
ActiveRecord::PendingMigrationError (

Migrations are pending. To resolve this issue, run:

	bin/rails db:migrate RAILS_ENV=development

):
  
activerecord (5.0.0) lib/active_record/migration.rb:572:in `check_pending!'
activerecord (5.0.0) lib/active_record/migration.rb:548:in `call'
actionpack (5.0.0) lib/action_dispatch/middleware/callbacks.rb:38:in `block in call'
activesupport (5.0.0) lib/active_support/callbacks.rb:97:in `__run_callbacks__'
activesupport (5.0.0) lib/active_support/callbacks.rb:750:in `_run_call_callbacks'
activesupport (5.0.0) lib/active_support/callbacks.rb:90:in `run_callbacks'
actionpack (5.0.0) lib/action_dispatch/middleware/callbacks.rb:36:in `call'
actionpack (5.0.0) lib/action_dispatch/middleware/executor.rb:12:in `call'
actionpack (5.0.0) lib/action_dispatch/middleware/remote_ip.rb:79:in `call'
actionpack (5.0.0) lib/action_dispatch/middleware/debug_exceptions.rb:49:in `call'
web-console (3.3.1) lib/web_console/middleware.rb:131:in `call_app'
web-console (3.3.1) lib/web_console/middleware.rb:28:in `block in call'
web-console (3.3.1) lib/web_console/middleware.rb:18:in `catch'
web-console (3.3.1) lib/web_console/middleware.rb:18:in `call'
actionpack (5.0.0) lib/action_dispatch/middleware/show_exceptions.rb:31:in `call'
railties (5.0.0) lib/rails/rack/logger.rb:36:in `call_app'
railties (5.0.0) lib/rails/rack/logger.rb:24:in `block in call'
activesupport (5.0.0) lib/active_support/tagged_logging.rb:70:in `block in tagged'
activesupport (5.0.0) lib/active_support/tagged_logging.rb:26:in `tagged'
activesupport (5.0.0) lib/active_support/tagged_logging.rb:70:in `tagged'
railties (5.0.0) lib/rails/rack/logger.rb:24:in `call'
sprockets-rails (3.1.1) lib/sprockets/rails/quiet_assets.rb:13:in `call'
actionpack (5.0.0) lib/action_dispatch/middleware/request_id.rb:24:in `call'
rack (2.0.1) lib/rack/method_override.rb:22:in `call'
rack (2.0.1) lib/rack/runtime.rb:22:in `call'
activesupport (5.0.0) lib/active_support/cache/strategy/local_cache_middleware.rb:28:in `call'
actionpack (5.0.0) lib/action_dispatch/middleware/executor.rb:12:in `call'
actionpack (5.0.0) lib/action_dispatch/middleware/static.rb:136:in `call'
rack (2.0.1) lib/rack/sendfile.rb:111:in `call'
railties (5.0.0) lib/rails/engine.rb:522:in `call'
puma (3.4.0) lib/puma/configuration.rb:224:in `call'
puma (3.4.0) lib/puma/server.rb:569:in `handle_request'
puma (3.4.0) lib/puma/server.rb:406:in `process_client'
puma (3.4.0) lib/puma/server.rb:271:in `block in run'
puma (3.4.0) lib/puma/thread_pool.rb:114:in `block in spawn_thread'
  Rendering /usr/lib/ruby/gems/2.3.0/gems/actionpack-5.0.0/lib/action_dispatch/middleware/templates/rescues/diagnostics.html.erb within rescues/layout
  Rendering /usr/lib/ruby/gems/2.3.0/gems/actionpack-5.0.0/lib/action_dispatch/middleware/templates/rescues/_source.html.erb
  Rendered /usr/lib/ruby/gems/2.3.0/gems/actionpack-5.0.0/lib/action_dispatch/middleware/templates/rescues/_source.html.erb (2.5ms)
  Rendering /usr/lib/ruby/gems/2.3.0/gems/actionpack-5.0.0/lib/action_dispatch/middleware/templates/rescues/_trace.html.erb
  Rendered /usr/lib/ruby/gems/2.3.0/gems/actionpack-5.0.0/lib/action_dispatch/middleware/templates/rescues/_trace.html.erb (1.6ms)
  Rendering /usr/lib/ruby/gems/2.3.0/gems/actionpack-5.0.0/lib/action_dispatch/middleware/templates/rescues/_request_and_response.html.erb
  Rendered /usr/lib/ruby/gems/2.3.0/gems/actionpack-5.0.0/lib/action_dispatch/middleware/templates/rescues/_request_and_response.html.erb (1.0ms)
  Rendered /usr/lib/ruby/gems/2.3.0/gems/actionpack-5.0.0/lib/action_dispatch/middleware/templates/rescues/diagnostics.html.erb within rescues/layout (25.4ms)
Started GET "/" for ::1 at 2016-07-13 13:22:41 -0700
  [1m[36mActiveRecord::SchemaMigration Load (0.1ms)[0m  [1m[34mSELECT "schema_migrations".* FROM "schema_migrations"[0m
  
ActiveRecord::PendingMigrationError (

Migrations are pending. To resolve this issue, run:

	bin/rails db:migrate RAILS_ENV=development

):
  
activerecord (5.0.0) lib/active_record/migration.rb:572:in `check_pending!'
activerecord (5.0.0) lib/active_record/migration.rb:548:in `call'
actionpack (5.0.0) lib/action_dispatch/middleware/callbacks.rb:38:in `block in call'
activesupport (5.0.0) lib/active_support/callbacks.rb:97:in `__run_callbacks__'
activesupport (5.0.0) lib/active_support/callbacks.rb:750:in `_run_call_callbacks'
activesupport (5.0.0) lib/active_support/callbacks.rb:90:in `run_callbacks'
actionpack (5.0.0) lib/action_dispatch/middleware/callbacks.rb:36:in `call'
actionpack (5.0.0) lib/action_dispatch/middleware/executor.rb:12:in `call'
actionpack (5.0.0) lib/action_dispatch/middleware/remote_ip.rb:79:in `call'
actionpack (5.0.0) lib/action_dispatch/middleware/debug_exceptions.rb:49:in `call'
web-console (3.3.1) lib/web_console/middleware.rb:131:in `call_app'
web-console (3.3.1) lib/web_console/middleware.rb:28:in `block in call'
web-console (3.3.1) lib/web_console/middleware.rb:18:in `catch'
web-console (3.3.1) lib/web_console/middleware.rb:18:in `call'
actionpack (5.0.0) lib/action_dispatch/middleware/show_exceptions.rb:31:in `call'
railties (5.0.0) lib/rails/rack/logger.rb:36:in `call_app'
railties (5.0.0) lib/rails/rack/logger.rb:24:in `block in call'
activesupport (5.0.0) lib/active_support/tagged_logging.rb:70:in `block in tagged'
activesupport (5.0.0) lib/active_support/tagged_logging.rb:26:in `tagged'
activesupport (5.0.0) lib/active_support/tagged_logging.rb:70:in `tagged'
railties (5.0.0) lib/rails/rack/logger.rb:24:in `call'
sprockets-rails (3.1.1) lib/sprockets/rails/quiet_assets.rb:13:in `call'
actionpack (5.0.0) lib/action_dispatch/middleware/request_id.rb:24:in `call'
rack (2.0.1) lib/rack/method_override.rb:22:in `call'
rack (2.0.1) lib/rack/runtime.rb:22:in `call'
activesupport (5.0.0) lib/active_support/cache/strategy/local_cache_middleware.rb:28:in `call'
actionpack (5.0.0) lib/action_dispatch/middleware/executor.rb:12:in `call'
actionpack (5.0.0) lib/action_dispatch/middleware/static.rb:136:in `call'
rack (2.0.1) lib/rack/sendfile.rb:111:in `call'
railties (5.0.0) lib/rails/engine.rb:522:in `call'
puma (3.4.0) lib/puma/configuration.rb:224:in `call'
puma (3.4.0) lib/puma/server.rb:569:in `handle_request'
puma (3.4.0) lib/puma/server.rb:406:in `process_client'
puma (3.4.0) lib/puma/server.rb:271:in `block in run'
puma (3.4.0) lib/puma/thread_pool.rb:114:in `block in spawn_thread'
  Rendering /usr/lib/ruby/gems/2.3.0/gems/actionpack-5.0.0/lib/action_dispatch/middleware/templates/rescues/diagnostics.html.erb within rescues/layout
  Rendering /usr/lib/ruby/gems/2.3.0/gems/actionpack-5.0.0/lib/action_dispatch/middleware/templates/rescues/_source.html.erb
  Rendered /usr/lib/ruby/gems/2.3.0/gems/actionpack-5.0.0/lib/action_dispatch/middleware/templates/rescues/_source.html.erb (3.7ms)
  Rendering /usr/lib/ruby/gems/2.3.0/gems/actionpack-5.0.0/lib/action_dispatch/middleware/templates/rescues/_trace.html.erb
  Rendered /usr/lib/ruby/gems/2.3.0/gems/actionpack-5.0.0/lib/action_dispatch/middleware/templates/rescues/_trace.html.erb (2.2ms)
  Rendering /usr/lib/ruby/gems/2.3.0/gems/actionpack-5.0.0/lib/action_dispatch/middleware/templates/rescues/_request_and_response.html.erb
  Rendered /usr/lib/ruby/gems/2.3.0/gems/actionpack-5.0.0/lib/action_dispatch/middleware/templates/rescues/_request_and_response.html.erb (1.1ms)
  Rendered /usr/lib/ruby/gems/2.3.0/gems/actionpack-5.0.0/lib/action_dispatch/middleware/templates/rescues/diagnostics.html.erb within rescues/layout (27.6ms)
Started GET "/" for ::1 at 2016-07-13 13:57:34 -0700
  [1m[36mActiveRecord::SchemaMigration Load (0.1ms)[0m  [1m[34mSELECT "schema_migrations".* FROM "schema_migrations"[0m
  
ActiveRecord::PendingMigrationError (

Migrations are pending. To resolve this issue, run:

	bin/rails db:migrate RAILS_ENV=development

):
  
activerecord (5.0.0) lib/active_record/migration.rb:572:in `check_pending!'
activerecord (5.0.0) lib/active_record/migration.rb:548:in `call'
actionpack (5.0.0) lib/action_dispatch/middleware/callbacks.rb:38:in `block in call'
activesupport (5.0.0) lib/active_support/callbacks.rb:97:in `__run_callbacks__'
activesupport (5.0.0) lib/active_support/callbacks.rb:750:in `_run_call_callbacks'
activesupport (5.0.0) lib/active_support/callbacks.rb:90:in `run_callbacks'
actionpack (5.0.0) lib/action_dispatch/middleware/callbacks.rb:36:in `call'
actionpack (5.0.0) lib/action_dispatch/middleware/executor.rb:12:in `call'
actionpack (5.0.0) lib/action_dispatch/middleware/remote_ip.rb:79:in `call'
actionpack (5.0.0) lib/action_dispatch/middleware/debug_exceptions.rb:49:in `call'
web-console (3.3.1) lib/web_console/middleware.rb:131:in `call_app'
web-console (3.3.1) lib/web_console/middleware.rb:28:in `block in call'
web-console (3.3.1) lib/web_console/middleware.rb:18:in `catch'
web-console (3.3.1) lib/web_console/middleware.rb:18:in `call'
actionpack (5.0.0) lib/action_dispatch/middleware/show_exceptions.rb:31:in `call'
railties (5.0.0) lib/rails/rack/logger.rb:36:in `call_app'
railties (5.0.0) lib/rails/rack/logger.rb:24:in `block in call'
activesupport (5.0.0) lib/active_support/tagged_logging.rb:70:in `block in tagged'
activesupport (5.0.0) lib/active_support/tagged_logging.rb:26:in `tagged'
activesupport (5.0.0) lib/active_support/tagged_logging.rb:70:in `tagged'
railties (5.0.0) lib/rails/rack/logger.rb:24:in `call'
sprockets-rails (3.1.1) lib/sprockets/rails/quiet_assets.rb:13:in `call'
actionpack (5.0.0) lib/action_dispatch/middleware/request_id.rb:24:in `call'
rack (2.0.1) lib/rack/method_override.rb:22:in `call'
rack (2.0.1) lib/rack/runtime.rb:22:in `call'
activesupport (5.0.0) lib/active_support/cache/strategy/local_cache_middleware.rb:28:in `call'
actionpack (5.0.0) lib/action_dispatch/middleware/executor.rb:12:in `call'
actionpack (5.0.0) lib/action_dispatch/middleware/static.rb:136:in `call'
rack (2.0.1) lib/rack/sendfile.rb:111:in `call'
railties (5.0.0) lib/rails/engine.rb:522:in `call'
puma (3.4.0) lib/puma/configuration.rb:224:in `call'
puma (3.4.0) lib/puma/server.rb:569:in `handle_request'
puma (3.4.0) lib/puma/server.rb:406:in `process_client'
puma (3.4.0) lib/puma/server.rb:271:in `block in run'
puma (3.4.0) lib/puma/thread_pool.rb:114:in `block in spawn_thread'
  Rendering /usr/lib/ruby/gems/2.3.0/gems/actionpack-5.0.0/lib/action_dispatch/middleware/templates/rescues/diagnostics.html.erb within rescues/layout
  Rendering /usr/lib/ruby/gems/2.3.0/gems/actionpack-5.0.0/lib/action_dispatch/middleware/templates/rescues/_source.html.erb
  Rendered /usr/lib/ruby/gems/2.3.0/gems/actionpack-5.0.0/lib/action_dispatch/middleware/templates/rescues/_source.html.erb (2.2ms)
  Rendering /usr/lib/ruby/gems/2.3.0/gems/actionpack-5.0.0/lib/action_dispatch/middleware/templates/rescues/_trace.html.erb
  Rendered /usr/lib/ruby/gems/2.3.0/gems/actionpack-5.0.0/lib/action_dispatch/middleware/templates/rescues/_trace.html.erb (1.4ms)
  Rendering /usr/lib/ruby/gems/2.3.0/gems/actionpack-5.0.0/lib/action_dispatch/middleware/templates/rescues/_request_and_response.html.erb
  Rendered /usr/lib/ruby/gems/2.3.0/gems/actionpack-5.0.0/lib/action_dispatch/middleware/templates/rescues/_request_and_response.html.erb (0.8ms)
  Rendered /usr/lib/ruby/gems/2.3.0/gems/actionpack-5.0.0/lib/action_dispatch/middleware/templates/rescues/diagnostics.html.erb within rescues/layout (39.8ms)
  [1m[36mActiveRecord::SchemaMigration Load (0.2ms)[0m  [1m[34mSELECT "schema_migrations".* FROM "schema_migrations"[0m
Migrating to CreateLists (20160713202043)
  [1m[35m (0.1ms)[0m  [1m[36mbegin transaction[0m
  [1m[35m (1.8ms)[0m  [1m[35mCREATE TABLE "lists" ("id" INTEGER PRIMARY KEY AUTOINCREMENT NOT NULL, "name" varchar, "user" varchar, "file" varchar, "created_at" datetime NOT NULL, "updated_at" datetime NOT NULL)[0m
  [1m[35mSQL (0.2ms)[0m  [1m[32mINSERT INTO "schema_migrations" ("version") VALUES (?)[0m  [["version", "20160713202043"]]
  [1m[35m (282.3ms)[0m  [1m[36mcommit transaction[0m
Migrating to CreateAlarms (20160713202733)
  [1m[35m (0.2ms)[0m  [1m[36mbegin transaction[0m
  [1m[35m (0.9ms)[0m  [1m[35mCREATE TABLE "alarms" ("id" INTEGER PRIMARY KEY AUTOINCREMENT NOT NULL, "user" varchar, "name" varchar, "time" time, "created_at" datetime NOT NULL, "updated_at" datetime NOT NULL)[0m
  [1m[35m (0.2ms)[0m  [1m[31mrollback transaction[0m
  [1m[36mActiveRecord::SchemaMigration Load (0.2ms)[0m  [1m[34mSELECT "schema_migrations".* FROM "schema_migrations"[0m
Migrating to CreateAlarms (20160713202733)
  [1m[35m (0.1ms)[0m  [1m[36mbegin transaction[0m
  [1m[35m (0.4ms)[0m  [1m[35mCREATE TABLE "alarms" ("id" INTEGER PRIMARY KEY AUTOINCREMENT NOT NULL, "user" varchar, "name" varchar, "time" time, "created_at" datetime NOT NULL, "updated_at" datetime NOT NULL)[0m
  [1m[35m (0.1ms)[0m  [1m[31mrollback transaction[0m
  [1m[36mActiveRecord::SchemaMigration Load (0.2ms)[0m  [1m[34mSELECT "schema_migrations".* FROM "schema_migrations"[0m
Migrating to CreateAlarms (20160713202733)
  [1m[35m (0.1ms)[0m  [1m[36mbegin transaction[0m
  [1m[35m (0.3ms)[0m  [1m[35mCREATE TABLE "alarms" ("id" INTEGER PRIMARY KEY AUTOINCREMENT NOT NULL, "user" varchar, "name" varchar, "time" time, "created_at" datetime NOT NULL, "updated_at" datetime NOT NULL)[0m
  [1m[35m (0.1ms)[0m  [1m[31mrollback transaction[0m
Started GET "/" for ::1 at 2016-07-13 13:59:37 -0700
  [1m[36mActiveRecord::SchemaMigration Load (0.2ms)[0m  [1m[34mSELECT "schema_migrations".* FROM "schema_migrations"[0m
  
ActiveRecord::PendingMigrationError (

Migrations are pending. To resolve this issue, run:

	bin/rails db:migrate RAILS_ENV=development

):
  
activerecord (5.0.0) lib/active_record/migration.rb:572:in `check_pending!'
activerecord (5.0.0) lib/active_record/migration.rb:548:in `call'
actionpack (5.0.0) lib/action_dispatch/middleware/callbacks.rb:38:in `block in call'
activesupport (5.0.0) lib/active_support/callbacks.rb:97:in `__run_callbacks__'
activesupport (5.0.0) lib/active_support/callbacks.rb:750:in `_run_call_callbacks'
activesupport (5.0.0) lib/active_support/callbacks.rb:90:in `run_callbacks'
actionpack (5.0.0) lib/action_dispatch/middleware/callbacks.rb:36:in `call'
actionpack (5.0.0) lib/action_dispatch/middleware/executor.rb:12:in `call'
actionpack (5.0.0) lib/action_dispatch/middleware/remote_ip.rb:79:in `call'
actionpack (5.0.0) lib/action_dispatch/middleware/debug_exceptions.rb:49:in `call'
web-console (3.3.1) lib/web_console/middleware.rb:131:in `call_app'
web-console (3.3.1) lib/web_console/middleware.rb:28:in `block in call'
web-console (3.3.1) lib/web_console/middleware.rb:18:in `catch'
web-console (3.3.1) lib/web_console/middleware.rb:18:in `call'
actionpack (5.0.0) lib/action_dispatch/middleware/show_exceptions.rb:31:in `call'
railties (5.0.0) lib/rails/rack/logger.rb:36:in `call_app'
railties (5.0.0) lib/rails/rack/logger.rb:24:in `block in call'
activesupport (5.0.0) lib/active_support/tagged_logging.rb:70:in `block in tagged'
activesupport (5.0.0) lib/active_support/tagged_logging.rb:26:in `tagged'
activesupport (5.0.0) lib/active_support/tagged_logging.rb:70:in `tagged'
railties (5.0.0) lib/rails/rack/logger.rb:24:in `call'
sprockets-rails (3.1.1) lib/sprockets/rails/quiet_assets.rb:13:in `call'
actionpack (5.0.0) lib/action_dispatch/middleware/request_id.rb:24:in `call'
rack (2.0.1) lib/rack/method_override.rb:22:in `call'
rack (2.0.1) lib/rack/runtime.rb:22:in `call'
activesupport (5.0.0) lib/active_support/cache/strategy/local_cache_middleware.rb:28:in `call'
actionpack (5.0.0) lib/action_dispatch/middleware/executor.rb:12:in `call'
actionpack (5.0.0) lib/action_dispatch/middleware/static.rb:136:in `call'
rack (2.0.1) lib/rack/sendfile.rb:111:in `call'
railties (5.0.0) lib/rails/engine.rb:522:in `call'
puma (3.4.0) lib/puma/configuration.rb:224:in `call'
puma (3.4.0) lib/puma/server.rb:569:in `handle_request'
puma (3.4.0) lib/puma/server.rb:406:in `process_client'
puma (3.4.0) lib/puma/server.rb:271:in `block in run'
puma (3.4.0) lib/puma/thread_pool.rb:114:in `block in spawn_thread'
  Rendering /usr/lib/ruby/gems/2.3.0/gems/actionpack-5.0.0/lib/action_dispatch/middleware/templates/rescues/diagnostics.html.erb within rescues/layout
  Rendering /usr/lib/ruby/gems/2.3.0/gems/actionpack-5.0.0/lib/action_dispatch/middleware/templates/rescues/_source.html.erb
  Rendered /usr/lib/ruby/gems/2.3.0/gems/actionpack-5.0.0/lib/action_dispatch/middleware/templates/rescues/_source.html.erb (2.8ms)
  Rendering /usr/lib/ruby/gems/2.3.0/gems/actionpack-5.0.0/lib/action_dispatch/middleware/templates/rescues/_trace.html.erb
  Rendered /usr/lib/ruby/gems/2.3.0/gems/actionpack-5.0.0/lib/action_dispatch/middleware/templates/rescues/_trace.html.erb (1.4ms)
  Rendering /usr/lib/ruby/gems/2.3.0/gems/actionpack-5.0.0/lib/action_dispatch/middleware/templates/rescues/_request_and_response.html.erb
  Rendered /usr/lib/ruby/gems/2.3.0/gems/actionpack-5.0.0/lib/action_dispatch/middleware/templates/rescues/_request_and_response.html.erb (0.8ms)
  Rendered /usr/lib/ruby/gems/2.3.0/gems/actionpack-5.0.0/lib/action_dispatch/middleware/templates/rescues/diagnostics.html.erb within rescues/layout (23.7ms)
  [1m[36mActiveRecord::SchemaMigration Load (0.2ms)[0m  [1m[34mSELECT "schema_migrations".* FROM "schema_migrations"[0m
Migrating to CreateAlarms (20160713202733)
  [1m[35m (0.1ms)[0m  [1m[36mbegin transaction[0m
  [1m[35m (0.3ms)[0m  [1m[35mCREATE TABLE "alarms" ("id" INTEGER PRIMARY KEY AUTOINCREMENT NOT NULL, "user" varchar, "name" varchar, "time" time, "created_at" datetime NOT NULL, "updated_at" datetime NOT NULL)[0m
  [1m[35m (0.1ms)[0m  [1m[31mrollback transaction[0m
Started GET "/users" for ::1 at 2016-07-13 14:01:00 -0700
  [1m[36mActiveRecord::SchemaMigration Load (0.1ms)[0m  [1m[34mSELECT "schema_migrations".* FROM "schema_migrations"[0m
  
ActiveRecord::PendingMigrationError (

Migrations are pending. To resolve this issue, run:

	bin/rails db:migrate RAILS_ENV=development

):
  
activerecord (5.0.0) lib/active_record/migration.rb:572:in `check_pending!'
activerecord (5.0.0) lib/active_record/migration.rb:548:in `call'
actionpack (5.0.0) lib/action_dispatch/middleware/callbacks.rb:38:in `block in call'
activesupport (5.0.0) lib/active_support/callbacks.rb:97:in `__run_callbacks__'
activesupport (5.0.0) lib/active_support/callbacks.rb:750:in `_run_call_callbacks'
activesupport (5.0.0) lib/active_support/callbacks.rb:90:in `run_callbacks'
actionpack (5.0.0) lib/action_dispatch/middleware/callbacks.rb:36:in `call'
actionpack (5.0.0) lib/action_dispatch/middleware/executor.rb:12:in `call'
actionpack (5.0.0) lib/action_dispatch/middleware/remote_ip.rb:79:in `call'
actionpack (5.0.0) lib/action_dispatch/middleware/debug_exceptions.rb:49:in `call'
web-console (3.3.1) lib/web_console/middleware.rb:131:in `call_app'
web-console (3.3.1) lib/web_console/middleware.rb:28:in `block in call'
web-console (3.3.1) lib/web_console/middleware.rb:18:in `catch'
web-console (3.3.1) lib/web_console/middleware.rb:18:in `call'
actionpack (5.0.0) lib/action_dispatch/middleware/show_exceptions.rb:31:in `call'
railties (5.0.0) lib/rails/rack/logger.rb:36:in `call_app'
railties (5.0.0) lib/rails/rack/logger.rb:24:in `block in call'
activesupport (5.0.0) lib/active_support/tagged_logging.rb:70:in `block in tagged'
activesupport (5.0.0) lib/active_support/tagged_logging.rb:26:in `tagged'
activesupport (5.0.0) lib/active_support/tagged_logging.rb:70:in `tagged'
railties (5.0.0) lib/rails/rack/logger.rb:24:in `call'
sprockets-rails (3.1.1) lib/sprockets/rails/quiet_assets.rb:13:in `call'
actionpack (5.0.0) lib/action_dispatch/middleware/request_id.rb:24:in `call'
rack (2.0.1) lib/rack/method_override.rb:22:in `call'
rack (2.0.1) lib/rack/runtime.rb:22:in `call'
activesupport (5.0.0) lib/active_support/cache/strategy/local_cache_middleware.rb:28:in `call'
actionpack (5.0.0) lib/action_dispatch/middleware/executor.rb:12:in `call'
actionpack (5.0.0) lib/action_dispatch/middleware/static.rb:136:in `call'
rack (2.0.1) lib/rack/sendfile.rb:111:in `call'
railties (5.0.0) lib/rails/engine.rb:522:in `call'
puma (3.4.0) lib/puma/configuration.rb:224:in `call'
puma (3.4.0) lib/puma/server.rb:569:in `handle_request'
puma (3.4.0) lib/puma/server.rb:406:in `process_client'
puma (3.4.0) lib/puma/server.rb:271:in `block in run'
puma (3.4.0) lib/puma/thread_pool.rb:114:in `block in spawn_thread'
  Rendering /usr/lib/ruby/gems/2.3.0/gems/actionpack-5.0.0/lib/action_dispatch/middleware/templates/rescues/diagnostics.html.erb within rescues/layout
  Rendering /usr/lib/ruby/gems/2.3.0/gems/actionpack-5.0.0/lib/action_dispatch/middleware/templates/rescues/_source.html.erb
  Rendered /usr/lib/ruby/gems/2.3.0/gems/actionpack-5.0.0/lib/action_dispatch/middleware/templates/rescues/_source.html.erb (2.0ms)
  Rendering /usr/lib/ruby/gems/2.3.0/gems/actionpack-5.0.0/lib/action_dispatch/middleware/templates/rescues/_trace.html.erb
  Rendered /usr/lib/ruby/gems/2.3.0/gems/actionpack-5.0.0/lib/action_dispatch/middleware/templates/rescues/_trace.html.erb (1.2ms)
  Rendering /usr/lib/ruby/gems/2.3.0/gems/actionpack-5.0.0/lib/action_dispatch/middleware/templates/rescues/_request_and_response.html.erb
  Rendered /usr/lib/ruby/gems/2.3.0/gems/actionpack-5.0.0/lib/action_dispatch/middleware/templates/rescues/_request_and_response.html.erb (0.7ms)
  Rendered /usr/lib/ruby/gems/2.3.0/gems/actionpack-5.0.0/lib/action_dispatch/middleware/templates/rescues/diagnostics.html.erb within rescues/layout (19.0ms)
Started GET "/users" for ::1 at 2016-07-13 14:02:31 -0700
  [1m[36mActiveRecord::SchemaMigration Load (0.3ms)[0m  [1m[34mSELECT "schema_migrations".* FROM "schema_migrations"[0m
  
ActiveRecord::PendingMigrationError (

Migrations are pending. To resolve this issue, run:

	bin/rails db:migrate RAILS_ENV=development

):
  
activerecord (5.0.0) lib/active_record/migration.rb:572:in `check_pending!'
activerecord (5.0.0) lib/active_record/migration.rb:548:in `call'
actionpack (5.0.0) lib/action_dispatch/middleware/callbacks.rb:38:in `block in call'
activesupport (5.0.0) lib/active_support/callbacks.rb:97:in `__run_callbacks__'
activesupport (5.0.0) lib/active_support/callbacks.rb:750:in `_run_call_callbacks'
activesupport (5.0.0) lib/active_support/callbacks.rb:90:in `run_callbacks'
actionpack (5.0.0) lib/action_dispatch/middleware/callbacks.rb:36:in `call'
actionpack (5.0.0) lib/action_dispatch/middleware/executor.rb:12:in `call'
actionpack (5.0.0) lib/action_dispatch/middleware/remote_ip.rb:79:in `call'
actionpack (5.0.0) lib/action_dispatch/middleware/debug_exceptions.rb:49:in `call'
web-console (3.3.1) lib/web_console/middleware.rb:131:in `call_app'
web-console (3.3.1) lib/web_console/middleware.rb:28:in `block in call'
web-console (3.3.1) lib/web_console/middleware.rb:18:in `catch'
web-console (3.3.1) lib/web_console/middleware.rb:18:in `call'
actionpack (5.0.0) lib/action_dispatch/middleware/show_exceptions.rb:31:in `call'
railties (5.0.0) lib/rails/rack/logger.rb:36:in `call_app'
railties (5.0.0) lib/rails/rack/logger.rb:24:in `block in call'
activesupport (5.0.0) lib/active_support/tagged_logging.rb:70:in `block in tagged'
activesupport (5.0.0) lib/active_support/tagged_logging.rb:26:in `tagged'
activesupport (5.0.0) lib/active_support/tagged_logging.rb:70:in `tagged'
railties (5.0.0) lib/rails/rack/logger.rb:24:in `call'
sprockets-rails (3.1.1) lib/sprockets/rails/quiet_assets.rb:13:in `call'
actionpack (5.0.0) lib/action_dispatch/middleware/request_id.rb:24:in `call'
rack (2.0.1) lib/rack/method_override.rb:22:in `call'
rack (2.0.1) lib/rack/runtime.rb:22:in `call'
activesupport (5.0.0) lib/active_support/cache/strategy/local_cache_middleware.rb:28:in `call'
actionpack (5.0.0) lib/action_dispatch/middleware/executor.rb:12:in `call'
actionpack (5.0.0) lib/action_dispatch/middleware/static.rb:136:in `call'
rack (2.0.1) lib/rack/sendfile.rb:111:in `call'
railties (5.0.0) lib/rails/engine.rb:522:in `call'
puma (3.4.0) lib/puma/configuration.rb:224:in `call'
puma (3.4.0) lib/puma/server.rb:569:in `handle_request'
puma (3.4.0) lib/puma/server.rb:406:in `process_client'
puma (3.4.0) lib/puma/server.rb:271:in `block in run'
puma (3.4.0) lib/puma/thread_pool.rb:114:in `block in spawn_thread'
  Rendering /usr/lib/ruby/gems/2.3.0/gems/actionpack-5.0.0/lib/action_dispatch/middleware/templates/rescues/diagnostics.html.erb within rescues/layout
  Rendering /usr/lib/ruby/gems/2.3.0/gems/actionpack-5.0.0/lib/action_dispatch/middleware/templates/rescues/_source.html.erb
  Rendered /usr/lib/ruby/gems/2.3.0/gems/actionpack-5.0.0/lib/action_dispatch/middleware/templates/rescues/_source.html.erb (2.2ms)
  Rendering /usr/lib/ruby/gems/2.3.0/gems/actionpack-5.0.0/lib/action_dispatch/middleware/templates/rescues/_trace.html.erb
  Rendered /usr/lib/ruby/gems/2.3.0/gems/actionpack-5.0.0/lib/action_dispatch/middleware/templates/rescues/_trace.html.erb (1.3ms)
  Rendering /usr/lib/ruby/gems/2.3.0/gems/actionpack-5.0.0/lib/action_dispatch/middleware/templates/rescues/_request_and_response.html.erb
  Rendered /usr/lib/ruby/gems/2.3.0/gems/actionpack-5.0.0/lib/action_dispatch/middleware/templates/rescues/_request_and_response.html.erb (0.8ms)
  Rendered /usr/lib/ruby/gems/2.3.0/gems/actionpack-5.0.0/lib/action_dispatch/middleware/templates/rescues/diagnostics.html.erb within rescues/layout (23.1ms)
  [1m[36mActiveRecord::SchemaMigration Load (0.2ms)[0m  [1m[34mSELECT "schema_migrations".* FROM "schema_migrations"[0m
Migrating to CreateAlarms (20160713202733)
  [1m[35m (0.1ms)[0m  [1m[36mbegin transaction[0m
  [1m[35m (0.4ms)[0m  [1m[35mCREATE TABLE "alarms" ("id" INTEGER PRIMARY KEY AUTOINCREMENT NOT NULL, "user" varchar, "name" varchar, "time" time, "created_at" datetime NOT NULL, "updated_at" datetime NOT NULL)[0m
  [1m[35m (0.1ms)[0m  [1m[31mrollback transaction[0m
  [1m[35m (316.7ms)[0m  [1m[35mCREATE TABLE "schema_migrations" ("version" varchar NOT NULL PRIMARY KEY)[0m
  [1m[35m (239.5ms)[0m  [1m[35mCREATE TABLE "ar_internal_metadata" ("key" varchar NOT NULL PRIMARY KEY, "value" varchar, "created_at" datetime NOT NULL, "updated_at" datetime NOT NULL)[0m
  [1m[36mActiveRecord::SchemaMigration Load (0.2ms)[0m  [1m[34mSELECT "schema_migrations".* FROM "schema_migrations"[0m
Migrating to CreateUsers (20160712195434)
  [1m[35m (0.1ms)[0m  [1m[36mbegin transaction[0m
  [1m[35m (0.6ms)[0m  [1m[35mCREATE TABLE "users" ("id" INTEGER PRIMARY KEY AUTOINCREMENT NOT NULL, "name" varchar, "email" varchar, "created_at" datetime NOT NULL, "updated_at" datetime NOT NULL)[0m
  [1m[35mSQL (0.3ms)[0m  [1m[32mINSERT INTO "schema_migrations" ("version") VALUES (?)[0m  [["version", "20160712195434"]]
  [1m[35m (267.3ms)[0m  [1m[36mcommit transaction[0m
Migrating to CreateLists (20160713202043)
  [1m[35m (0.2ms)[0m  [1m[36mbegin transaction[0m
  [1m[35m (0.3ms)[0m  [1m[35mCREATE TABLE "lists" ("id" INTEGER PRIMARY KEY AUTOINCREMENT NOT NULL, "name" varchar, "user" varchar, "file" varchar, "created_at" datetime NOT NULL, "updated_at" datetime NOT NULL)[0m
  [1m[35mSQL (0.2ms)[0m  [1m[32mINSERT INTO "schema_migrations" ("version") VALUES (?)[0m  [["version", "20160713202043"]]
  [1m[35m (273.7ms)[0m  [1m[36mcommit transaction[0m
Migrating to CreateAlarms (20160713202733)
  [1m[35m (0.1ms)[0m  [1m[36mbegin transaction[0m
  [1m[35m (0.6ms)[0m  [1m[35mCREATE TABLE "alarms" ("id" INTEGER PRIMARY KEY AUTOINCREMENT NOT NULL, "user" varchar, "name" varchar, "time" time, "created_at" datetime NOT NULL, "updated_at" datetime NOT NULL)[0m
  [1m[35mSQL (0.2ms)[0m  [1m[32mINSERT INTO "schema_migrations" ("version") VALUES (?)[0m  [["version", "20160713202733"]]
  [1m[35m (228.4ms)[0m  [1m[36mcommit transaction[0m
Migrating to Alarm (20160713204902)
  [1m[35m (0.1ms)[0m  [1m[36mbegin transaction[0m
  [1m[35mSQL (0.5ms)[0m  [1m[32mINSERT INTO "schema_migrations" ("version") VALUES (?)[0m  [["version", "20160713204902"]]
  [1m[35m (158.2ms)[0m  [1m[36mcommit transaction[0m
Migrating to CreateEvents (20160713205652)
  [1m[35m (0.2ms)[0m  [1m[36mbegin transaction[0m
  [1m[35m (0.7ms)[0m  [1m[35mCREATE TABLE "events" ("id" INTEGER PRIMARY KEY AUTOINCREMENT NOT NULL, "user" varchar, "name" varchar, "date_and_time" datetime, "repeats" boolean, "frequency" varchar, "created_at" datetime NOT NULL, "updated_at" datetime NOT NULL)[0m
  [1m[35mSQL (0.2ms)[0m  [1m[32mINSERT INTO "schema_migrations" ("version") VALUES (?)[0m  [["version", "20160713205652"]]
  [1m[35m (219.7ms)[0m  [1m[36mcommit transaction[0m
  [1m[36mActiveRecord::InternalMetadata Load (0.3ms)[0m  [1m[34mSELECT  "ar_internal_metadata".* FROM "ar_internal_metadata" WHERE "ar_internal_metadata"."key" = ? LIMIT ?[0m  [["key", :environment], ["LIMIT", 1]]
  [1m[35m (0.1ms)[0m  [1m[36mbegin transaction[0m
  [1m[35mSQL (0.3ms)[0m  [1m[32mINSERT INTO "ar_internal_metadata" ("key", "value", "created_at", "updated_at") VALUES (?, ?, ?, ?)[0m  [["key", "environment"], ["value", "development"], ["created_at", 2016-07-13 21:03:40 UTC], ["updated_at", 2016-07-13 21:03:40 UTC]]
  [1m[35m (149.5ms)[0m  [1m[36mcommit transaction[0m
  [1m[36mActiveRecord::SchemaMigration Load (0.5ms)[0m  [1m[34mSELECT "schema_migrations".* FROM "schema_migrations"[0m
Started GET "/users" for ::1 at 2016-07-13 14:04:10 -0700
  [1m[36mActiveRecord::SchemaMigration Load (0.1ms)[0m  [1m[34mSELECT "schema_migrations".* FROM "schema_migrations"[0m
Processing by UsersController#index as HTML
  Rendering users/index.html.erb within layouts/application
  [1m[36mUser Load (0.2ms)[0m  [1m[34mSELECT "users".* FROM "users"[0m
  Rendered users/index.html.erb within layouts/application (2.8ms)
Completed 200 OK in 431ms (Views: 418.6ms | ActiveRecord: 0.5ms)


Started GET "/" for ::1 at 2016-07-13 14:04:18 -0700
Processing by EventsController#index as HTML
  Rendering events/index.html.erb within layouts/application
  [1m[36mEvent Load (0.2ms)[0m  [1m[34mSELECT "events".* FROM "events"[0m
  Rendered events/index.html.erb within layouts/application (2.4ms)
Completed 200 OK in 59ms (Views: 55.7ms | ActiveRecord: 0.4ms)


Started GET "/" for ::1 at 2016-07-13 14:08:40 -0700
Processing by UsersController#index as HTML
  Rendering users/index.html.erb within layouts/application
  [1m[36mUser Load (0.3ms)[0m  [1m[34mSELECT "users".* FROM "users"[0m
  Rendered users/index.html.erb within layouts/application (2.7ms)
Completed 200 OK in 35ms (Views: 30.3ms | ActiveRecord: 0.6ms)


Started GET "/alarms" for ::1 at 2016-07-13 14:16:23 -0700
Processing by AlarmsController#index as HTML
  Rendering alarms/index.html.erb within layouts/application
  [1m[36mAlarm Load (0.4ms)[0m  [1m[34mSELECT "alarms".* FROM "alarms"[0m
DEPRECATION WARNING: Time columns will become time zone aware in Rails 5.1. This
still causes `String`s to be parsed as if they were in `Time.zone`,
and `Time`s to be converted to `Time.zone`.

To keep the old behavior, you must add the following to your initializer:

    config.active_record.time_zone_aware_types = [:datetime]

To silence this deprecation warning, add the following:

    config.active_record.time_zone_aware_types = [:datetime, :time]
 (called from _app_views_alarms_index_html_erb__469963627821517167_69948964326500 at /home/drslowpoke/Documents/Rails/Pit/app/views/alarms/index.html.erb:16)
  Rendered alarms/index.html.erb within layouts/application (4.2ms)
Completed 200 OK in 117ms (Views: 113.0ms | ActiveRecord: 0.7ms)


Started GET "/alarms/new" for ::1 at 2016-07-13 14:16:28 -0700
Processing by AlarmsController#new as HTML
  Rendering alarms/new.html.erb within layouts/application
  Rendered alarms/_form.html.erb (141.0ms)
  Rendered alarms/new.html.erb within layouts/application (156.2ms)
Completed 200 OK in 204ms (Views: 191.8ms | ActiveRecord: 0.7ms)


Started POST "/alarms" for ::1 at 2016-07-13 14:17:26 -0700
Processing by AlarmsController#create as HTML
  Parameters: {"utf8"=>"✓", "authenticity_token"=>"rBDn+S6X51pMJRfNbS6vW4KNW2IOddVtclMiS8zPglLbhwv0sBLZ5klkEO5KfuTSat9nzOLZqecuFhJgEXPGUA==", "alarm"=>{"user"=>"John Doe", "name"=>"12345678910111213141516171819202122232425262728", "time(1i)"=>"2016", "time(2i)"=>"7", "time(3i)"=>"13", "time(4i)"=>"21", "time(5i)"=>"16"}, "commit"=>"Create Alarm"}
  [1m[35m (0.1ms)[0m  [1m[36mbegin transaction[0m
  [1m[35m (0.1ms)[0m  [1m[31mrollback transaction[0m
  Rendering alarms/new.html.erb within layouts/application
  Rendered alarms/_form.html.erb (4.4ms)
  Rendered alarms/new.html.erb within layouts/application (5.7ms)
Completed 200 OK in 37ms (Views: 32.0ms | ActiveRecord: 0.3ms)


Started GET "/" for ::1 at 2016-07-15 14:28:21 -0700
  [1m[36mActiveRecord::SchemaMigration Load (0.3ms)[0m  [1m[34mSELECT "schema_migrations".* FROM "schema_migrations"[0m
Processing by ApplicationController#hello as HTML
  Rendering html template
  Rendered html template (0.0ms)
Completed 200 OK in 51ms (Views: 22.0ms | ActiveRecord: 0.0ms)


Started GET "/" for ::1 at 2016-08-09 09:35:50 -0700
  [1m[36mActiveRecord::SchemaMigration Load (0.2ms)[0m  [1m[34mSELECT "schema_migrations".* FROM "schema_migrations"[0m
Processing by ApplicationController#hello as HTML
  Rendering html template
  Rendered html template (0.0ms)
Completed 200 OK in 44ms (Views: 22.0ms | ActiveRecord: 0.0ms)


Started GET "/" for ::1 at 2016-08-09 09:37:01 -0700
Processing by ApplicationController#hello as HTML
  Rendering html template
  Rendered html template (0.0ms)
Completed 200 OK in 1ms (Views: 0.6ms | ActiveRecord: 0.0ms)


Started GET "/static_pages/home" for ::1 at 2016-08-09 09:37:20 -0700
Processing by StaticPagesController#home as HTML
  Rendering static_pages/home.html.erb within layouts/application
  Rendered static_pages/home.html.erb within layouts/application (16.8ms)
Completed 200 OK in 929ms (Views: 918.6ms | ActiveRecord: 0.0ms)


Started GET "/static_pages/home" for ::1 at 2016-08-09 09:38:39 -0700
Processing by StaticPagesController#home as HTML
  Rendering static_pages/home.html.erb within layouts/application
  Rendered static_pages/home.html.erb within layouts/application (0.4ms)
Completed 200 OK in 53ms (Views: 52.2ms | ActiveRecord: 0.0ms)


Started GET "/" for ::1 at 2016-08-09 10:31:45 -0700
Processing by ApplicationController#hello as HTML
  Rendering html template
  Rendered html template (0.1ms)
Completed 200 OK in 2ms (Views: 0.9ms | ActiveRecord: 0.0ms)


Started GET "/" for ::1 at 2016-08-09 10:31:55 -0700
Processing by StaticPagesController#home as HTML
  Rendering static_pages/home.html.erb within layouts/application
  Rendered static_pages/home.html.erb within layouts/application (0.4ms)
Completed 200 OK in 28ms (Views: 26.1ms | ActiveRecord: 0.0ms)


Started GET "/" for ::1 at 2016-08-09 11:35:03 -0700
Processing by StaticPagesController#home as HTML
  Rendering static_pages/home.html.erb within layouts/application
  Rendered static_pages/home.html.erb within layouts/application (2.8ms)
Completed 200 OK in 46ms (Views: 43.7ms | ActiveRecord: 0.0ms)


Started GET "/images/rails.png" for ::1 at 2016-08-09 11:35:03 -0700
  
ActionController::RoutingError (No route matches [GET] "/images/rails.png"):
  
actionpack (5.0.0) lib/action_dispatch/middleware/debug_exceptions.rb:53:in `call'
web-console (3.3.1) lib/web_console/middleware.rb:131:in `call_app'
web-console (3.3.1) lib/web_console/middleware.rb:28:in `block in call'
web-console (3.3.1) lib/web_console/middleware.rb:18:in `catch'
web-console (3.3.1) lib/web_console/middleware.rb:18:in `call'
actionpack (5.0.0) lib/action_dispatch/middleware/show_exceptions.rb:31:in `call'
railties (5.0.0) lib/rails/rack/logger.rb:36:in `call_app'
railties (5.0.0) lib/rails/rack/logger.rb:24:in `block in call'
activesupport (5.0.0) lib/active_support/tagged_logging.rb:70:in `block in tagged'
activesupport (5.0.0) lib/active_support/tagged_logging.rb:26:in `tagged'
activesupport (5.0.0) lib/active_support/tagged_logging.rb:70:in `tagged'
railties (5.0.0) lib/rails/rack/logger.rb:24:in `call'
sprockets-rails (3.1.1) lib/sprockets/rails/quiet_assets.rb:13:in `call'
actionpack (5.0.0) lib/action_dispatch/middleware/request_id.rb:24:in `call'
rack (2.0.1) lib/rack/method_override.rb:22:in `call'
rack (2.0.1) lib/rack/runtime.rb:22:in `call'
activesupport (5.0.0) lib/active_support/cache/strategy/local_cache_middleware.rb:28:in `call'
actionpack (5.0.0) lib/action_dispatch/middleware/executor.rb:12:in `call'
actionpack (5.0.0) lib/action_dispatch/middleware/static.rb:136:in `call'
rack (2.0.1) lib/rack/sendfile.rb:111:in `call'
railties (5.0.0) lib/rails/engine.rb:522:in `call'
puma (3.4.0) lib/puma/configuration.rb:224:in `call'
puma (3.4.0) lib/puma/server.rb:569:in `handle_request'
puma (3.4.0) lib/puma/server.rb:406:in `process_client'
puma (3.4.0) lib/puma/server.rb:271:in `block in run'
puma (3.4.0) lib/puma/thread_pool.rb:114:in `block in spawn_thread'
  Rendering /usr/lib/ruby/gems/2.3.0/gems/actionpack-5.0.0/lib/action_dispatch/middleware/templates/rescues/routing_error.html.erb within rescues/layout
  Rendering /usr/lib/ruby/gems/2.3.0/gems/actionpack-5.0.0/lib/action_dispatch/middleware/templates/rescues/_trace.html.erb
  Rendered /usr/lib/ruby/gems/2.3.0/gems/actionpack-5.0.0/lib/action_dispatch/middleware/templates/rescues/_trace.html.erb (2.3ms)
  Rendered collection of /usr/lib/ruby/gems/2.3.0/gems/actionpack-5.0.0/lib/action_dispatch/middleware/templates/routes/_route.html.erb [36 times] (18.6ms)
  Rendered /usr/lib/ruby/gems/2.3.0/gems/actionpack-5.0.0/lib/action_dispatch/middleware/templates/routes/_table.html.erb (50.9ms)
  Rendering /usr/lib/ruby/gems/2.3.0/gems/actionpack-5.0.0/lib/action_dispatch/middleware/templates/rescues/_request_and_response.html.erb
  Rendered /usr/lib/ruby/gems/2.3.0/gems/actionpack-5.0.0/lib/action_dispatch/middleware/templates/rescues/_request_and_response.html.erb (1.8ms)
  Rendered /usr/lib/ruby/gems/2.3.0/gems/actionpack-5.0.0/lib/action_dispatch/middleware/templates/rescues/routing_error.html.erb within rescues/layout (110.2ms)
Started GET "/" for ::1 at 2016-08-09 11:37:00 -0700
Processing by StaticPagesController#home as HTML
  Rendering static_pages/home.html.erb within layouts/application
  Rendered static_pages/home.html.erb within layouts/application (105.5ms)
Completed 200 OK in 192ms (Views: 189.2ms | ActiveRecord: 0.0ms)


Started GET "/" for ::1 at 2016-08-09 11:43:13 -0700
Processing by StaticPagesController#home as HTML
  Rendering static_pages/home.html.erb within layouts/application
  Rendered static_pages/home.html.erb within layouts/application (2.8ms)
Completed 500 Internal Server Error in 49ms (ActiveRecord: 0.0ms)


  
ActionView::Template::Error (File to import not found or unreadable: bootstrap-sprockets.
Load paths:
  /home/drslowpoke/Documents/Rails/Pit/app/assets/config
  /home/drslowpoke/Documents/Rails/Pit/app/assets/images
  /home/drslowpoke/Documents/Rails/Pit/app/assets/javascripts
  /home/drslowpoke/Documents/Rails/Pit/app/assets/stylesheets
  /home/drslowpoke/Documents/Rails/Pit/vendor/assets/javascripts
  /home/drslowpoke/Documents/Rails/Pit/vendor/assets/stylesheets
  /usr/lib/ruby/gems/2.3.0/gems/jquery-rails-4.1.1/vendor/assets/javascripts
  /usr/lib/ruby/gems/2.3.0/gems/coffee-rails-4.2.1/lib/assets/javascripts
  /usr/lib/ruby/gems/2.3.0/gems/actioncable-5.0.0/lib/assets/compiled
  /usr/lib/ruby/gems/2.3.0/gems/turbolinks-source-5.0.0/lib/assets/javascripts):
    3:   <head>
    4:     <title><%= full_title(yield(:title)) %></title>
    5:     <%= csrf_meta_tags %>
    6:     <%= stylesheet_link_tag    'application', media: 'all',
    7:                                               'data-turbolinks-track': 'reload' %>
    8:     <%= javascript_include_tag 'application', 'data-turbolinks-track': 'reload' %>
    9:     <!--[if lt IE 9]>
  
app/assets/stylesheets/custom.scss:1
app/views/layouts/application.html.erb:6:in `_app_views_layouts_application_html_erb__1004639252690941696_31998800'
  Rendering /usr/lib/ruby/gems/2.3.0/gems/actionpack-5.0.0/lib/action_dispatch/middleware/templates/rescues/template_error.html.erb within rescues/layout
  Rendering /usr/lib/ruby/gems/2.3.0/gems/actionpack-5.0.0/lib/action_dispatch/middleware/templates/rescues/_source.html.erb
  Rendered /usr/lib/ruby/gems/2.3.0/gems/actionpack-5.0.0/lib/action_dispatch/middleware/templates/rescues/_source.html.erb (7.5ms)
  Rendering /usr/lib/ruby/gems/2.3.0/gems/actionpack-5.0.0/lib/action_dispatch/middleware/templates/rescues/_trace.html.erb
  Rendered /usr/lib/ruby/gems/2.3.0/gems/actionpack-5.0.0/lib/action_dispatch/middleware/templates/rescues/_trace.html.erb (3.4ms)
  Rendering /usr/lib/ruby/gems/2.3.0/gems/actionpack-5.0.0/lib/action_dispatch/middleware/templates/rescues/_request_and_response.html.erb
  Rendered /usr/lib/ruby/gems/2.3.0/gems/actionpack-5.0.0/lib/action_dispatch/middleware/templates/rescues/_request_and_response.html.erb (0.8ms)
  Rendered /usr/lib/ruby/gems/2.3.0/gems/actionpack-5.0.0/lib/action_dispatch/middleware/templates/rescues/template_error.html.erb within rescues/layout (32.4ms)
Started GET "/" for ::1 at 2016-08-09 11:43:51 -0700
  [1m[36mActiveRecord::SchemaMigration Load (11.9ms)[0m  [1m[34mSELECT "schema_migrations".* FROM "schema_migrations"[0m
Processing by StaticPagesController#home as HTML
  Rendering static_pages/home.html.erb within layouts/application
  Rendered static_pages/home.html.erb within layouts/application (3645.2ms)
Completed 200 OK in 3768ms (Views: 3757.5ms | ActiveRecord: 0.0ms)


Started GET "/" for ::1 at 2016-08-09 11:46:41 -0700
Processing by StaticPagesController#home as HTML
  Rendering static_pages/home.html.erb within layouts/application
  Rendered static_pages/home.html.erb within layouts/application (3.3ms)
Completed 200 OK in 1737ms (Views: 1735.4ms | ActiveRecord: 0.0ms)


Started GET "/" for ::1 at 2016-08-09 11:50:51 -0700
Processing by StaticPagesController#home as HTML
  Rendering static_pages/home.html.erb within layouts/application
  Rendered static_pages/home.html.erb within layouts/application (3.9ms)
Completed 200 OK in 1809ms (Views: 1807.8ms | ActiveRecord: 0.0ms)


Started GET "/" for ::1 at 2016-08-09 11:58:22 -0700
Processing by StaticPagesController#home as HTML
  Rendering static_pages/home.html.erb within layouts/application
  Rendered static_pages/home.html.erb within layouts/application (2.8ms)
Completed 200 OK in 1914ms (Views: 1913.1ms | ActiveRecord: 0.0ms)


Started GET "/" for ::1 at 2016-08-09 11:58:58 -0700
Processing by StaticPagesController#home as HTML
  Rendering static_pages/home.html.erb within layouts/application
  Rendered static_pages/home.html.erb within layouts/application (2.0ms)
Completed 200 OK in 1858ms (Views: 1856.6ms | ActiveRecord: 0.0ms)


Started GET "/" for ::1 at 2016-08-09 12:27:22 -0700
Processing by StaticPagesController#home as HTML
  Rendering static_pages/home.html.erb within layouts/application
  Rendered static_pages/home.html.erb within layouts/application (2.5ms)
  Rendered layouts/_shim.html.erb (0.4ms)
  Rendered layouts/_header.html.erb (0.4ms)
Completed 200 OK in 1729ms (Views: 1727.0ms | ActiveRecord: 0.0ms)


Started GET "/" for 127.0.0.1 at 2016-08-10 15:26:40 -0700
  [1m[36mActiveRecord::SchemaMigration Load (0.3ms)[0m  [1m[34mSELECT "schema_migrations".* FROM "schema_migrations"[0m
Processing by StaticPagesController#home as HTML
  Rendering static_pages/home.html.erb within layouts/application
  Rendered static_pages/home.html.erb within layouts/application (10592.0ms)
  Rendered layouts/_shim.html.erb (0.5ms)
  Rendered layouts/_header.html.erb (1.1ms)
Completed 200 OK in 11211ms (Views: 11056.6ms | ActiveRecord: 0.0ms)


